\BOOKMARK [0][-]{chapter.1}{Introduction}{}
\BOOKMARK [1][-]{section.1.1}{Introduction sur l'univers}{chapter.1}
\BOOKMARK [1][-]{section.1.2}{Situation economique des pays concernés}{chapter.1}
\BOOKMARK [0][-]{chapter.2}{L'histoire commence}{}
\BOOKMARK [1][-]{section.2.1}{Mort du roi}{chapter.2}
\BOOKMARK [2][-]{subsection.2.1.1}{Séance 1 : Protection de la reine}{section.2.1}
\BOOKMARK [1][-]{section.2.2}{Le petit roi est mort, vive la reine… ou pas…, vive le frère du roi}{chapter.2}
\BOOKMARK [2][-]{subsection.2.2.1}{Séance 2 : Les textes de lois}{section.2.2}
\BOOKMARK [1][-]{section.2.3}{Le roi est mort, vive le frère du roi \(bis\)}{chapter.2}
\BOOKMARK [2][-]{subsection.2.3.1}{Séance 3 : prise d'une bastide en Guyenne }{section.2.3}
\BOOKMARK [1][-]{section.2.4}{Le roi est mort, vive le cousin}{chapter.2}
\BOOKMARK [1][-]{section.2.5}{David roi d'Ecosse envahi les îles anglo-normades}{chapter.2}
\BOOKMARK [2][-]{subsection.2.5.1}{Le jour J}{section.2.5}
\BOOKMARK [1][-]{section.2.6}{Jeu d'alliance}{chapter.2}
\BOOKMARK [2][-]{subsection.2.6.1}{C'est de la contrebande ?}{section.2.6}
\BOOKMARK [1][-]{section.2.7}{Declaration de guerre}{chapter.2}
\BOOKMARK [2][-]{subsection.2.7.1}{Tuer le messager}{section.2.7}
\BOOKMARK [1][-]{section.2.8}{jeu d'alliance bis}{chapter.2}
\BOOKMARK [1][-]{section.2.9}{La flotte arrive}{chapter.2}
\BOOKMARK [2][-]{subsection.2.9.1}{Pillage dans un port Angleterre }{section.2.9}
\BOOKMARK [1][-]{section.2.10}{Défaite de la bataille des Ecluses}{chapter.2}
\BOOKMARK [2][-]{subsection.2.10.1}{Courage fuyons vite}{section.2.10}
\BOOKMARK [1][-]{section.2.11}{Les victoires de Edouard III d'Angleterre }{chapter.2}
\BOOKMARK [2][-]{subsection.2.11.1}{C'est la merde}{section.2.11}
\BOOKMARK [1][-]{section.2.12}{Echec aux rois }{chapter.2}
\BOOKMARK [2][-]{subsection.2.12.1}{Le dementellement}{section.2.12}
\BOOKMARK [1][-]{section.2.13}{Edouard III d'Angleterre et son armée}{chapter.2}
\BOOKMARK [2][-]{subsection.2.13.1}{Délivrer le message à Calais }{section.2.13}
\BOOKMARK [1][-]{section.2.14}{trêve: un peu de repos}{chapter.2}
\BOOKMARK [1][-]{section.2.15}{La La peste noire frappe et les rats quittent le navire}{chapter.2}
\BOOKMARK [2][-]{subsection.2.15.1}{D'ou vient la La peste noire }{section.2.15}
\BOOKMARK [1][-]{section.2.16}{Magouille pendant la trève}{chapter.2}
\BOOKMARK [1][-]{section.2.17}{idée en vrac}{chapter.2}
