\BOOKMARK [0][-]{chapter.1}{Introduction}{}% 1
\BOOKMARK [1][-]{section.1.1}{Le sc\351nario en quelques mots}{chapter.1}% 2
\BOOKMARK [1][-]{section.1.2}{Lire introduction sur l'univers de loup-garou}{chapter.1}% 3
\BOOKMARK [2][-]{subsection.1.2.1}{L'hisile}{section.1.2}% 4
\BOOKMARK [2][-]{subsection.1.2.2}{Les atouts d'un loup-garou}{section.1.2}% 5
\BOOKMARK [2][-]{subsection.1.2.3}{Les ennemis}{section.1.2}% 6
\BOOKMARK [2][-]{subsection.1.2.4}{Serment de la Lune}{section.1.2}% 7
\BOOKMARK [1][-]{section.1.3}{Les meutes}{chapter.1}% 8
\BOOKMARK [2][-]{subsection.1.3.1}{La Meute PJ}{section.1.3}% 9
\BOOKMARK [2][-]{subsection.1.3.2}{Les autres meutes}{section.1.3}% 10
\BOOKMARK [1][-]{section.1.4}{Elodoth}{chapter.1}% 11
\BOOKMARK [1][-]{section.1.5}{Cahalithe}{chapter.1}% 12
\BOOKMARK [1][-]{section.1.6}{Irraka}{chapter.1}% 13
\BOOKMARK [1][-]{section.1.7}{Rahu}{chapter.1}% 14
\BOOKMARK [1][-]{section.1.8}{Ithaeur}{chapter.1}% 15
\BOOKMARK [0][-]{chapter.2}{L'histoire commence}{}% 16
\BOOKMARK [1][-]{section.2.1}{Chronologie des \351v\351nements}{chapter.2}% 17
\BOOKMARK [1][-]{section.2.2}{Information de d\351part}{chapter.2}% 18
\BOOKMARK [1][-]{section.2.3}{Avant la ville}{chapter.2}% 19
\BOOKMARK [1][-]{section.2.4}{Arriv\351e en ville - Mus\351e de l\220armement}{chapter.2}% 20
\BOOKMARK [1][-]{section.2.5}{Mus\351e de l\220armement - enqu\352te}{chapter.2}% 21
\BOOKMARK [2][-]{subsection.2.5.1}{Le meurtre}{section.2.5}% 22
\BOOKMARK [2][-]{subsection.2.5.2}{L\220apr\350s meurtre}{section.2.5}% 23
\BOOKMARK [1][-]{section.2.6}{L\220attente bac \340 sable}{chapter.2}% 24
\BOOKMARK [2][-]{subsection.2.6.1}{Rencontre avec les s\234urs de Sad Song }{section.2.6}% 25
\BOOKMARK [2][-]{subsection.2.6.2}{Riley Sullivan et le FBI}{section.2.6}% 26
\BOOKMARK [2][-]{subsection.2.6.3}{La maison d\220Elizabeth Bennett \(s\234ur de blood queen \)}{section.2.6}% 27
\BOOKMARK [2][-]{subsection.2.6.4}{Visite de l\220hisile}{section.2.6}% 28
\BOOKMARK [2][-]{subsection.2.6.5}{Pas d\220id\351e ?}{section.2.6}% 29
\BOOKMARK [1][-]{section.2.7}{Inauguration de la clinique}{chapter.2}% 30
\BOOKMARK [1][-]{section.2.8}{Le gala}{chapter.2}% 31
\BOOKMARK [1][-]{section.2.9}{Rencontre avec les cr\351atures}{chapter.2}% 32
\BOOKMARK [1][-]{section.2.10}{Le conflit moral}{chapter.2}% 33
