\BOOKMARK [0][-]{chapter.1}{Histoire}{}
\BOOKMARK [1][-]{section.1.1}{Seppuku \040: Rachat d'honneur pour un samourai }{chapter.1}
\BOOKMARK [1][-]{section.1.2}{Seth \040: le asticot garou \040: Rencontre du 3ème type}{chapter.1}
\BOOKMARK [1][-]{section.1.3}{La fusillade}{chapter.1}
\BOOKMARK [1][-]{section.1.4}{Le bordel}{chapter.1}
\BOOKMARK [1][-]{section.1.5}{L'ombre}{chapter.1}
\BOOKMARK [1][-]{section.1.6}{Renfort de police}{chapter.1}
\BOOKMARK [1][-]{section.1.7}{Bilan}{chapter.1}
\BOOKMARK [1][-]{section.1.8}{Les infos }{chapter.1}
\BOOKMARK [1][-]{section.1.9}{Regroupement}{chapter.1}
\BOOKMARK [1][-]{section.1.10}{Rencontre avec le forgeron : Neil Kimberlin}{chapter.1}
\BOOKMARK [1][-]{section.1.11}{Rependre la rumeur}{chapter.1}
\BOOKMARK [1][-]{section.1.12}{Gilleli le commandant}{chapter.1}
\BOOKMARK [1][-]{section.1.13}{Os de l'ombre}{chapter.1}
\BOOKMARK [1][-]{section.1.14}{L'identité du squelette}{chapter.1}
\BOOKMARK [1][-]{section.1.15}{Zmaiku}{chapter.1}
\BOOKMARK [1][-]{section.1.16}{Hotel California}{chapter.1}
\BOOKMARK [1][-]{section.1.17}{Combat}{chapter.1}
\BOOKMARK [1][-]{section.1.18}{Si les joueurs se retrouve très blessé.}{chapter.1}
\BOOKMARK [1][-]{section.1.19}{Epilogue.}{chapter.1}
\BOOKMARK [1][-]{section.1.20}{original }{chapter.1}
