\BOOKMARK [0][-]{chapter.1}{Introduction}{}% 1
\BOOKMARK [1][-]{section.1.1}{Lire\040introduction\040sur\040l'univers\040de\040loup-garou}{chapter.1}% 2
\BOOKMARK [2][-]{subsection.1.1.1}{Serment\040de\040la\040Lune}{section.1.1}% 3
\BOOKMARK [1][-]{section.1.2}{Les meutes déchues}{chapter.1}% 4
\BOOKMARK [2][-]{subsection.1.2.1}{La\040Meute\040PJ:\040}{section.1.2}% 5
\BOOKMARK [2][-]{subsection.1.2.2}{La\040meute\040badass\040:\040Brook\040children}{section.1.2}% 6
\BOOKMARK [1][-]{section.1.3}{Les\040meutes\040Pures}{chapter.1}% 7
\BOOKMARK [2][-]{subsection.1.3.1}{La\040Meute\040PJ:\040les\040mercyless\040claw}{section.1.3}% 8
\BOOKMARK [0][-]{chapter.2}{Les\040personnages\040Joueurs}{}% 9
\BOOKMARK [1][-]{section.2.1}{Elodothe}{chapter.2}% 10
\BOOKMARK [1][-]{section.2.2}{Cahalithe}{chapter.2}% 11
\BOOKMARK [1][-]{section.2.3}{Irraka}{chapter.2}% 12
\BOOKMARK [1][-]{section.2.4}{Ithaeur}{chapter.2}% 13
\BOOKMARK [1][-]{section.2.5}{Rahu}{chapter.2}% 14
\BOOKMARK [0][-]{chapter.3}{La vérité: MJ}{}% 15
\BOOKMARK [1][-]{section.3.1}{Informations\040aux\040PJ}{chapter.3}% 16
\BOOKMARK [1][-]{section.3.2}{Nom\040des\040meutes}{chapter.3}% 17
\BOOKMARK [1][-]{section.3.3}{C'est la Fête!}{chapter.3}% 18
\BOOKMARK [1][-]{section.3.4}{La\040meute\040des\040Purs}{chapter.3}% 19
\BOOKMARK [1][-]{section.3.5}{La meute des déchus}{chapter.3}% 20
\BOOKMARK [1][-]{section.3.6}{La\040meute\040des\040Inconnus}{chapter.3}% 21
\BOOKMARK [1][-]{section.3.7}{Les\040territoires}{chapter.3}% 22
\BOOKMARK [1][-]{section.3.8}{Edward McAllister dit «Sad Howl»}{chapter.3}% 23
\BOOKMARK [1][-]{section.3.9}{Brook\040Children}{chapter.3}% 24
\BOOKMARK [1][-]{section.3.10}{Unihar\040:\040Enfant\040fantome}{chapter.3}% 25
\BOOKMARK [1][-]{section.3.11}{Idigam\040:\040Esprit\040de\040la\040corruption}{chapter.3}% 26
\BOOKMARK [1][-]{section.3.12}{Magath\040:\040Esprit\040de\040l'argent/pouvoir}{chapter.3}% 27
\BOOKMARK [1][-]{section.3.13}{Le\040riche\040donnateur}{chapter.3}% 28
\BOOKMARK [0][-]{chapter.4}{Scénario pour les Purs}{}% 29
\BOOKMARK [1][-]{section.4.1}{l'enquete\040des\040purs}{chapter.4}% 30
\BOOKMARK [1][-]{section.4.2}{}{chapter.4}% 31
\BOOKMARK [1][-]{section.4.3}{La découverte des corps}{chapter.4}% 32
\BOOKMARK [2][-]{subsection.4.3.1}{Parler\040avec\040le\040totem}{section.4.3}% 33
\BOOKMARK [2][-]{subsection.4.3.2}{Le\040deal}{section.4.3}% 34
\BOOKMARK [2][-]{subsection.4.3.3}{Le\040Pub}{section.4.3}% 35
\BOOKMARK [2][-]{subsection.4.3.4}{Le\040Totem}{section.4.3}% 36
\BOOKMARK [2][-]{subsection.4.3.5}{les\040esprits.}{section.4.3}% 37
\BOOKMARK [0][-]{chapter.5}{Scénario pour les Déchus}{}% 38
\BOOKMARK [1][-]{section.5.1}{Rituel funéraire}{chapter.5}% 39
\BOOKMARK [1][-]{section.5.2}{Le\040carnage\040de\040Stirling}{chapter.5}% 40
\BOOKMARK [1][-]{section.5.3}{Les\040secours}{chapter.5}% 41
\BOOKMARK [1][-]{section.5.4}{L'enquête}{chapter.5}% 42
\BOOKMARK [1][-]{section.5.5}{le\040fabriquant}{chapter.5}% 43
\BOOKMARK [1][-]{section.5.6}{Le\040forgeron}{chapter.5}% 44
\BOOKMARK [1][-]{section.5.7}{Le\040maire\040\(le\040client\)}{chapter.5}% 45
\BOOKMARK [1][-]{section.5.8}{L'organisateur\040qui\040est\040aussi\040un\040riche\040donateur}{chapter.5}% 46
\BOOKMARK [1][-]{section.5.9}{Coté spirituel}{chapter.5}% 47
\BOOKMARK [1][-]{section.5.10}{l'esprit\040noir}{chapter.5}% 48
\BOOKMARK [1][-]{section.5.11}{Chasse\040ouverte}{chapter.5}% 49
