\BOOKMARK [0][-]{chapter.1}{Introduction}{}
\BOOKMARK [1][-]{section.1.1}{Lire introduction sur l'univers de loup-garou}{chapter.1}
\BOOKMARK [2][-]{subsection.1.1.1}{Serment de la Lune}{section.1.1}
\BOOKMARK [1][-]{section.1.2}{Les meutes déchues}{chapter.1}
\BOOKMARK [2][-]{subsection.1.2.1}{whisper in shadows}{section.1.2}
\BOOKMARK [2][-]{subsection.1.2.2}{Hurlement dans la brume}{section.1.2}
\BOOKMARK [2][-]{subsection.1.2.3}{Swords of oath}{section.1.2}
\BOOKMARK [0][-]{chapter.2}{Les personnages Joueurs}{}
\BOOKMARK [1][-]{section.2.1}{Ithaeur}{chapter.2}
\BOOKMARK [1][-]{section.2.2}{Rahu}{chapter.2}
\BOOKMARK [1][-]{section.2.3}{Elodoth}{chapter.2}
\BOOKMARK [1][-]{section.2.4}{Irraka}{chapter.2}
\BOOKMARK [1][-]{section.2.5}{Cahalith}{chapter.2}
\BOOKMARK [0][-]{chapter.3}{Histoire}{}
\BOOKMARK [1][-]{section.3.1}{Concert à Halloween!}{chapter.3}
\BOOKMARK [1][-]{section.3.2}{Seth : le asticot garou : Rencontre du 3ème type}{chapter.3}
\BOOKMARK [1][-]{section.3.3}{La fusillade}{chapter.3}
\BOOKMARK [1][-]{section.3.4}{Le bordel}{chapter.3}
\BOOKMARK [1][-]{section.3.5}{L'ombre}{chapter.3}
\BOOKMARK [1][-]{section.3.6}{Renfort de police}{chapter.3}
\BOOKMARK [1][-]{section.3.7}{Bilan}{chapter.3}
\BOOKMARK [1][-]{section.3.8}{Les infos }{chapter.3}
\BOOKMARK [1][-]{section.3.9}{Regroupement}{chapter.3}
\BOOKMARK [1][-]{section.3.10}{Rencontre avec le forgeron}{chapter.3}
\BOOKMARK [1][-]{section.3.11}{Rependre la rumeur}{chapter.3}
\BOOKMARK [1][-]{section.3.12}{Gilleli le commandant}{chapter.3}
\BOOKMARK [1][-]{section.3.13}{Os de l'ombre}{chapter.3}
\BOOKMARK [1][-]{section.3.14}{L'identité du squelette}{chapter.3}
\BOOKMARK [1][-]{section.3.15}{Zmaiku}{chapter.3}
\BOOKMARK [1][-]{section.3.16}{Stalker}{chapter.3}
\BOOKMARK [1][-]{section.3.17}{Hotel California}{chapter.3}
\BOOKMARK [1][-]{section.3.18}{Combat}{chapter.3}
\BOOKMARK [1][-]{section.3.19}{Si les joueurs se retrouve très blessé.}{chapter.3}
\BOOKMARK [1][-]{section.3.20}{Epilogue.}{chapter.3}
\BOOKMARK [1][-]{section.3.21}{original }{chapter.3}
