\BOOKMARK [0][-]{chapter.1}{Introduction}{}% 1
\BOOKMARK [1][-]{section.1.1}{Le sc\351nario en quelques mots}{chapter.1}% 2
\BOOKMARK [1][-]{section.1.2}{Cadre du sc\351nario}{chapter.1}% 3
\BOOKMARK [2][-]{subsection.1.2.1}{Que faire quand vous n'avait pas cinq joueurs}{section.1.2}% 4
\BOOKMARK [1][-]{section.1.3}{L'univers de loup-garou: les d\351chus}{chapter.1}% 5
\BOOKMARK [2][-]{subsection.1.3.1}{L'hisile}{section.1.3}% 6
\BOOKMARK [2][-]{subsection.1.3.2}{Les atouts d'un loup-garou}{section.1.3}% 7
\BOOKMARK [2][-]{subsection.1.3.3}{Les ennemis}{section.1.3}% 8
\BOOKMARK [2][-]{subsection.1.3.4}{Serment de la Lune}{section.1.3}% 9
\BOOKMARK [1][-]{section.1.4}{Les meutes du sc\351nario}{chapter.1}% 10
\BOOKMARK [2][-]{subsection.1.4.1}{La Meute PJ : Night howlers}{section.1.4}% 11
\BOOKMARK [2][-]{subsection.1.4.2}{}{section.1.4}% 12
\BOOKMARK [2][-]{subsection.1.4.3}{}{section.1.4}% 13
\BOOKMARK [0][-]{chapter.2}{Les Personnages}{}% 14
\BOOKMARK [1][-]{section.2.1}{Cahalithe}{chapter.2}% 15
\BOOKMARK [1][-]{section.2.2}{Rahu}{chapter.2}% 16
\BOOKMARK [1][-]{section.2.3}{Irraka}{chapter.2}% 17
\BOOKMARK [1][-]{section.2.4}{Elodothe}{chapter.2}% 18
\BOOKMARK [1][-]{section.2.5}{Ithaeur}{chapter.2}% 19
\BOOKMARK [0][-]{chapter.3}{L'histoire}{}% 20
\BOOKMARK [1][-]{section.3.1}{Informations \340 dire aux PJ en d\351but de partie \(ou \340 rappeler\) }{chapter.3}% 21
